G:\WORKINGFOLDER\MYOPENCVPROJECT\RELEASE\STITCHING(1.0.1).DLL
G:\WorkingFolder\MyOpenCVProject\Release\Stitching(1.0.1).exp
G:\WorkingFolder\MyOpenCVProject\Release\Stitching(1.0.1).lib
G:\WORKINGFOLDER\MYOPENCVPROJECT\RELEASE\STITCHING(1.0.1).PDB
G:\WORKINGFOLDER\MYOPENCVPROJECT\STITCHING(1.0.1)\RELEASE\ALPHABLENDER.OBJ
G:\WorkingFolder\MyOpenCVProject\Stitching(1.0.1)\Release\cl.command.1.tlog
G:\WorkingFolder\MyOpenCVProject\Stitching(1.0.1)\Release\CL.read.1.tlog
G:\WorkingFolder\MyOpenCVProject\Stitching(1.0.1)\Release\CL.write.1.tlog
G:\WORKINGFOLDER\MYOPENCVPROJECT\STITCHING(1.0.1)\RELEASE\CORNERS.OBJ
G:\WORKINGFOLDER\MYOPENCVPROJECT\STITCHING(1.0.1)\RELEASE\FREAK.OBJ
G:\WORKINGFOLDER\MYOPENCVPROJECT\STITCHING(1.0.1)\RELEASE\HARRISDETECTOR.OBJ
G:\WORKINGFOLDER\MYOPENCVPROJECT\STITCHING(1.0.1)\RELEASE\LAPLACIANBLENDER.OBJ
G:\WorkingFolder\MyOpenCVProject\Stitching(1.0.1)\Release\link.command.1.tlog
G:\WorkingFolder\MyOpenCVProject\Stitching(1.0.1)\Release\link.read.1.tlog
G:\WorkingFolder\MyOpenCVProject\Stitching(1.0.1)\Release\link.write.1.tlog
G:\WORKINGFOLDER\MYOPENCVPROJECT\STITCHING(1.0.1)\RELEASE\MAIN.OBJ
G:\WORKINGFOLDER\MYOPENCVPROJECT\STITCHING(1.0.1)\RELEASE\MATCHING.OBJ
G:\WorkingFolder\MyOpenCVProject\Stitching(1.0.1)\Release\mt.command.1.tlog
G:\WorkingFolder\MyOpenCVProject\Stitching(1.0.1)\Release\mt.read.1.tlog
G:\WorkingFolder\MyOpenCVProject\Stitching(1.0.1)\Release\mt.write.1.tlog
G:\WORKINGFOLDER\MYOPENCVPROJECT\STITCHING(1.0.1)\RELEASE\MYLOG.OBJ
G:\WORKINGFOLDER\MYOPENCVPROJECT\STITCHING(1.0.1)\RELEASE\STITCHING(1.0.1).DLL.INTERMEDIATE.MANIFEST
G:\WorkingFolder\MyOpenCVProject\Stitching(1.0.1)\Release\Stitching(1.0.1).write.1.tlog
G:\WORKINGFOLDER\MYOPENCVPROJECT\STITCHING(1.0.1)\RELEASE\STITCHING.OBJ
G:\WORKINGFOLDER\MYOPENCVPROJECT\STITCHING(1.0.1)\RELEASE\UTILITY.OBJ
G:\WORKINGFOLDER\MYOPENCVPROJECT\STITCHING(1.0.1)\RELEASE\VC100.PDB
G:\WORKINGFOLDER\MYOPENCVPROJECT\STITCHING(1.0.1)\RELEASE\WARP.OBJ
