Build started 10/2/2012 7:42:47 PM.
     1>Project "G:\WorkingFolder\MyOpenCVProject\Stitching(1.0.1)\Stitching(1.0.1).vcxproj" on node 3 (rebuild target(s)).
     1>InitializeBuildStatus:
         Creating "Debug\Stitching(1.0.1).unsuccessfulbuild" because "AlwaysCreate" was specified.
       ClCompile:
         C:\Program Files (x86)\Microsoft Visual Studio 10.0\VC\bin\CL.exe /c /IC:\opencv2.3\build\include /ZI /nologo /W3 /WX- /Od /Oy- /D WIN32 /D _DEBUG /D _CONSOLE /D _UNICODE /D UNICODE /Gm /EHsc /RTC1 /MDd /GS /fp:precise /Zc:wchar_t /Zc:forScope /Fo"Debug\\" /Fd"Debug\vc100.pdb" /Gd /TP /analyze- /errorReport:prompt AlphaBlender.cpp Corners.cpp freak.cpp HarrisDetector.cpp LaplacianBlender.cpp main.cpp Matching.cpp MyLog.cpp Stitching.cpp Utility.cpp Utility.h Warp.cpp
         Warp.cpp
     1>g:\workingfolder\myopencvproject\stitching(1.0.1)\warp.cpp(14): warning C4244: 'initializing' : conversion from 'int64' to 'double', possible loss of data
     1>g:\workingfolder\myopencvproject\stitching(1.0.1)\warp.cpp(33): warning C4244: 'initializing' : conversion from 'int64' to 'double', possible loss of data
     1>g:\workingfolder\myopencvproject\stitching(1.0.1)\warp.cpp(41): warning C4244: 'argument' : conversion from 'double' to 'int', possible loss of data
     1>g:\workingfolder\myopencvproject\stitching(1.0.1)\warp.cpp(41): warning C4244: 'argument' : conversion from 'double' to 'int', possible loss of data
     1>g:\workingfolder\myopencvproject\stitching(1.0.1)\warp.cpp(48): warning C4244: 'initializing' : conversion from 'int64' to 'double', possible loss of data
     1>g:\workingfolder\myopencvproject\stitching(1.0.1)\warp.cpp(79): warning C4244: '=' : conversion from 'const int' to 'float', possible loss of data
     1>g:\workingfolder\myopencvproject\stitching(1.0.1)\warp.cpp(81): warning C4244: '=' : conversion from 'const int' to 'float', possible loss of data
     1>g:\workingfolder\myopencvproject\stitching(1.0.1)\warp.cpp(82): warning C4244: '=' : conversion from 'const int' to 'float', possible loss of data
     1>g:\workingfolder\myopencvproject\stitching(1.0.1)\warp.cpp(84): warning C4244: '=' : conversion from 'const int' to 'float', possible loss of data
     1>g:\workingfolder\myopencvproject\stitching(1.0.1)\warp.cpp(121): warning C4244: '=' : conversion from 'int' to 'float', possible loss of data
     1>g:\workingfolder\myopencvproject\stitching(1.0.1)\warp.cpp(123): warning C4244: '=' : conversion from 'int' to 'float', possible loss of data
     1>g:\workingfolder\myopencvproject\stitching(1.0.1)\warp.cpp(124): warning C4244: '=' : conversion from 'int' to 'float', possible loss of data
     1>g:\workingfolder\myopencvproject\stitching(1.0.1)\warp.cpp(126): warning C4244: '=' : conversion from 'int' to 'float', possible loss of data
     1>g:\workingfolder\myopencvproject\stitching(1.0.1)\warp.cpp(160): warning C4244: '=' : conversion from 'int' to 'float', possible loss of data
     1>g:\workingfolder\myopencvproject\stitching(1.0.1)\warp.cpp(162): warning C4244: '=' : conversion from 'int' to 'float', possible loss of data
     1>g:\workingfolder\myopencvproject\stitching(1.0.1)\warp.cpp(163): warning C4244: '=' : conversion from 'int' to 'float', possible loss of data
     1>g:\workingfolder\myopencvproject\stitching(1.0.1)\warp.cpp(165): warning C4244: '=' : conversion from 'int' to 'float', possible loss of data
     1>g:\workingfolder\myopencvproject\stitching(1.0.1)\warp.cpp(339): warning C4244: '=' : conversion from 'const double' to 'int', possible loss of data
     1>g:\workingfolder\myopencvproject\stitching(1.0.1)\warp.cpp(341): warning C4244: '=' : conversion from 'const double' to 'int', possible loss of data
     1>g:\workingfolder\myopencvproject\stitching(1.0.1)\warp.cpp(344): warning C4244: '=' : conversion from 'const double' to 'int', possible loss of data
     1>g:\workingfolder\myopencvproject\stitching(1.0.1)\warp.cpp(346): warning C4244: '=' : conversion from 'const double' to 'int', possible loss of data
     1>g:\workingfolder\myopencvproject\stitching(1.0.1)\warp.cpp(416): warning C4244: 'initializing' : conversion from 'double' to 'int', possible loss of data
     1>g:\workingfolder\myopencvproject\stitching(1.0.1)\warp.cpp(431): warning C4244: '=' : conversion from 'double' to 'int', possible loss of data
     1>g:\workingfolder\myopencvproject\stitching(1.0.1)\warp.cpp(433): warning C4244: '=' : conversion from 'double' to 'int', possible loss of data
     1>g:\workingfolder\myopencvproject\stitching(1.0.1)\warp.cpp(435): warning C4244: '=' : conversion from 'double' to 'int', possible loss of data
     1>g:\workingfolder\myopencvproject\stitching(1.0.1)\warp.cpp(436): warning C4244: '=' : conversion from 'double' to 'int', possible loss of data
     1>g:\workingfolder\myopencvproject\stitching(1.0.1)\warp.cpp(437): warning C4244: '=' : conversion from 'double' to 'int', possible loss of data
     1>g:\workingfolder\myopencvproject\stitching(1.0.1)\warp.cpp(477): warning C4244: 'initializing' : conversion from 'double' to 'int', possible loss of data
     1>g:\workingfolder\myopencvproject\stitching(1.0.1)\warp.cpp(493): warning C4244: '=' : conversion from 'double' to 'int', possible loss of data
     1>g:\workingfolder\myopencvproject\stitching(1.0.1)\warp.cpp(495): warning C4244: '=' : conversion from 'double' to 'int', possible loss of data
     1>g:\workingfolder\myopencvproject\stitching(1.0.1)\warp.cpp(496): warning C4244: '=' : conversion from 'double' to 'int', possible loss of data
     1>g:\workingfolder\myopencvproject\stitching(1.0.1)\warp.cpp(497): warning C4244: '=' : conversion from 'double' to 'int', possible loss of data
     1>g:\workingfolder\myopencvproject\stitching(1.0.1)\warp.cpp(498): warning C4244: '=' : conversion from 'double' to 'int', possible loss of data
         Utility.h
         Utility.cpp
         Stitching.cpp
     1>g:\workingfolder\myopencvproject\stitching(1.0.1)\matching.h(11): warning C4067: unexpected tokens following preprocessor directive - expected a newline
     1>g:\workingfolder\myopencvproject\stitching(1.0.1)\stitching.cpp(908): warning C4244: '=' : conversion from 'int' to 'float', possible loss of data
     1>g:\workingfolder\myopencvproject\stitching(1.0.1)\stitching.cpp(909): warning C4244: '=' : conversion from 'int' to 'float', possible loss of data
     1>g:\workingfolder\myopencvproject\stitching(1.0.1)\stitching.cpp(911): warning C4244: '=' : conversion from 'int' to 'float', possible loss of data
     1>g:\workingfolder\myopencvproject\stitching(1.0.1)\stitching.cpp(912): warning C4244: '=' : conversion from 'int' to 'float', possible loss of data
     1>g:\workingfolder\myopencvproject\stitching(1.0.1)\stitching.cpp(934): warning C4244: 'argument' : conversion from 'double' to 'int', possible loss of data
     1>g:\workingfolder\myopencvproject\stitching(1.0.1)\stitching.cpp(934): warning C4244: 'argument' : conversion from 'double' to 'int', possible loss of data
         MyLog.cpp
     1>g:\workingfolder\myopencvproject\stitching(1.0.1)\mylog.cpp(21): warning C4996: 'vsnprintf': This function or variable may be unsafe. Consider using vsnprintf_s instead. To disable deprecation, use _CRT_SECURE_NO_WARNINGS. See online help for details.
                 c:\program files (x86)\microsoft visual studio 10.0\vc\include\stdio.h(354) : see declaration of 'vsnprintf'
         Matching.cpp
     1>g:\workingfolder\myopencvproject\stitching(1.0.1)\matching.h(11): warning C4067: unexpected tokens following preprocessor directive - expected a newline
         main.cpp
     1>g:\workingfolder\myopencvproject\stitching(1.0.1)\matching.h(11): warning C4067: unexpected tokens following preprocessor directive - expected a newline
     1>g:\workingfolder\myopencvproject\stitching(1.0.1)\main.cpp(46): warning C4244: 'initializing' : conversion from 'double' to 'float', possible loss of data
         LaplacianBlender.cpp
     1>g:\workingfolder\myopencvproject\stitching(1.0.1)\laplacianblender.cpp(88): warning C4244: '=' : conversion from 'double' to 'ushort', possible loss of data
     1>g:\workingfolder\myopencvproject\stitching(1.0.1)\laplacianblender.cpp(99): warning C4244: 'initializing' : conversion from 'double' to 'float', possible loss of data
     1>g:\workingfolder\myopencvproject\stitching(1.0.1)\laplacianblender.cpp(107): warning C4244: 'initializing' : conversion from 'double' to 'float', possible loss of data
     1>g:\workingfolder\myopencvproject\stitching(1.0.1)\laplacianblender.cpp(145): warning C4018: '<' : signed/unsigned mismatch
         HarrisDetector.cpp
         freak.cpp
     1>g:\workingfolder\myopencvproject\stitching(1.0.1)\freak.cpp(64): warning C4309: 'argument' : truncation of constant value
     1>g:\workingfolder\myopencvproject\stitching(1.0.1)\freak.cpp(64): warning C4309: 'argument' : truncation of constant value
     1>g:\workingfolder\myopencvproject\stitching(1.0.1)\freak.cpp(64): warning C4309: 'argument' : truncation of constant value
     1>g:\workingfolder\myopencvproject\stitching(1.0.1)\freak.cpp(64): warning C4309: 'argument' : truncation of constant value
     1>g:\workingfolder\myopencvproject\stitching(1.0.1)\freak.cpp(64): warning C4309: 'argument' : truncation of constant value
     1>g:\workingfolder\myopencvproject\stitching(1.0.1)\freak.cpp(64): warning C4309: 'argument' : truncation of constant value
     1>g:\workingfolder\myopencvproject\stitching(1.0.1)\freak.cpp(64): warning C4309: 'argument' : truncation of constant value
     1>g:\workingfolder\myopencvproject\stitching(1.0.1)\freak.cpp(64): warning C4309: 'argument' : truncation of constant value
     1>g:\workingfolder\myopencvproject\stitching(1.0.1)\freak.cpp(64): warning C4309: 'argument' : truncation of constant value
     1>g:\workingfolder\myopencvproject\stitching(1.0.1)\freak.cpp(64): warning C4309: 'argument' : truncation of constant value
     1>g:\workingfolder\myopencvproject\stitching(1.0.1)\freak.cpp(64): warning C4309: 'argument' : truncation of constant value
     1>g:\workingfolder\myopencvproject\stitching(1.0.1)\freak.cpp(64): warning C4309: 'argument' : truncation of constant value
     1>g:\workingfolder\myopencvproject\stitching(1.0.1)\freak.cpp(64): warning C4309: 'argument' : truncation of constant value
     1>g:\workingfolder\myopencvproject\stitching(1.0.1)\freak.cpp(64): warning C4309: 'argument' : truncation of constant value
     1>g:\workingfolder\myopencvproject\stitching(1.0.1)\freak.cpp(64): warning C4309: 'argument' : truncation of constant value
     1>g:\workingfolder\myopencvproject\stitching(1.0.1)\freak.cpp(64): warning C4309: 'argument' : truncation of constant value
     1>g:\workingfolder\myopencvproject\stitching(1.0.1)\freak.cpp(239): warning C4244: '=' : conversion from 'const double' to 'float', possible loss of data
     1>g:\workingfolder\myopencvproject\stitching(1.0.1)\freak.cpp(240): warning C4244: '=' : conversion from 'const double' to 'float', possible loss of data
     1>g:\workingfolder\myopencvproject\stitching(1.0.1)\freak.cpp(241): warning C4244: '=' : conversion from 'const double' to 'float', possible loss of data
     1>g:\workingfolder\myopencvproject\stitching(1.0.1)\freak.cpp(244): warning C4244: 'initializing' : conversion from 'double' to 'const int', possible loss of data
     1>g:\workingfolder\myopencvproject\stitching(1.0.1)\freak.cpp(322): warning C4244: 'initializing' : conversion from 'const double' to 'const float', possible loss of data
     1>g:\workingfolder\myopencvproject\stitching(1.0.1)\freak.cpp(393): warning C4244: '=' : conversion from 'double' to 'float', possible loss of data
     1>g:\workingfolder\myopencvproject\stitching(1.0.1)\freak.cpp(464): warning C4244: '=' : conversion from 'double' to 'float', possible loss of data
     1>g:\workingfolder\myopencvproject\stitching(1.0.1)\freak.cpp(519): warning C4244: 'initializing' : conversion from 'const float' to 'const int', possible loss of data
     1>g:\workingfolder\myopencvproject\stitching(1.0.1)\freak.cpp(520): warning C4244: 'initializing' : conversion from 'const float' to 'const int', possible loss of data
         Corners.cpp
     1>g:\workingfolder\myopencvproject\stitching(1.0.1)\corners.cpp(88): warning C4244: 'argument' : conversion from 'double' to 'int', possible loss of data
     1>g:\workingfolder\myopencvproject\stitching(1.0.1)\corners.cpp(88): warning C4244: 'argument' : conversion from 'double' to 'int', possible loss of data
     1>g:\workingfolder\myopencvproject\stitching(1.0.1)\corners.cpp(88): warning C4244: 'argument' : conversion from 'double' to 'int', possible loss of data
         AlphaBlender.cpp
     1>g:\workingfolder\myopencvproject\stitching(1.0.1)\alphablender.cpp(55): warning C4244: '=' : conversion from 'double' to 'ushort', possible loss of data
     1>g:\workingfolder\myopencvproject\stitching(1.0.1)\alphablender.cpp(82): warning C4244: '=' : conversion from 'double' to 'ushort', possible loss of data
         Generating Code...
       ManifestResourceCompile:
         C:\Program Files (x86)\Microsoft SDKs\Windows\v7.0A\bin\rc.exe /nologo /fo"Debug\Stitching(1.0.1).exe.embed.manifest.res" "Debug\Stitching(1.0.1)_manifest.rc" 
       Link:
         C:\Program Files (x86)\Microsoft Visual Studio 10.0\VC\bin\link.exe /ERRORREPORT:PROMPT /OUT:"G:\WorkingFolder\MyOpenCVProject\Debug\Stitching(1.0.1).exe" /INCREMENTAL /NOLOGO /LIBPATH:C:\opencv2.3\vs2010\lib\Debug opencv_core231d.lib opencv_highgui231d.lib opencv_imgproc231d.lib opencv_contrib231d.lib kernel32.lib user32.lib gdi32.lib winspool.lib comdlg32.lib advapi32.lib shell32.lib ole32.lib oleaut32.lib uuid.lib odbc32.lib odbccp32.lib /MANIFEST /ManifestFile:"Debug\Stitching(1.0.1).exe.intermediate.manifest" /MANIFESTUAC:"level='asInvoker' uiAccess='false'" /DEBUG /PDB:"G:\WorkingFolder\MyOpenCVProject\Debug\Stitching(1.0.1).pdb" /SUBSYSTEM:CONSOLE /TLBID:1 /DYNAMICBASE /NXCOMPAT /IMPLIB:"G:\WorkingFolder\MyOpenCVProject\Debug\Stitching(1.0.1).lib" /MACHINE:X86 "Debug\Stitching(1.0.1).exe.embed.manifest.res"
         Debug\AlphaBlender.obj
         Debug\Corners.obj
         Debug\freak.obj
         Debug\HarrisDetector.obj
         Debug\LaplacianBlender.obj
         Debug\main.obj
         Debug\Matching.obj
         Debug\MyLog.obj
         Debug\Stitching.obj
         Debug\Utility.obj
         Debug\Utility.obj
         Debug\Warp.obj
     1>Debug\Utility.obj : warning LNK4042: object specified more than once; extras ignored
            Creating library G:\WorkingFolder\MyOpenCVProject\Debug\Stitching(1.0.1).lib and object G:\WorkingFolder\MyOpenCVProject\Debug\Stitching(1.0.1).exp
     1>Corners.obj : error LNK2019: unresolved external symbol "public: void __thiscall cv::FeatureDetector::detect(class cv::Mat const &,class std::vector<class cv::KeyPoint,class std::allocator<class cv::KeyPoint> > &,class cv::Mat const &)const " (?detect@FeatureDetector@cv@@QBEXABVMat@2@AAV?$vector@VKeyPoint@cv@@V?$allocator@VKeyPoint@cv@@@std@@@std@@0@Z) referenced in function "public: void __thiscall Corners::GetGoodFeaturesToTrack(class cv::Mat const &,class std::vector<class cv::KeyPoint,class std::allocator<class cv::KeyPoint> > &)" (?GetGoodFeaturesToTrack@Corners@@QAEXABVMat@cv@@AAV?$vector@VKeyPoint@cv@@V?$allocator@VKeyPoint@cv@@@std@@@std@@@Z)
     1>Corners.obj : error LNK2019: unresolved external symbol "public: __thiscall cv::GoodFeaturesToTrackDetector::GoodFeaturesToTrackDetector(int,double,double,int,bool,double)" (??0GoodFeaturesToTrackDetector@cv@@QAE@HNNH_NN@Z) referenced in function "public: void __thiscall Corners::GetGoodFeaturesToTrack(class cv::Mat const &,class std::vector<class cv::KeyPoint,class std::allocator<class cv::KeyPoint> > &)" (?GetGoodFeaturesToTrack@Corners@@QAEXABVMat@cv@@AAV?$vector@VKeyPoint@cv@@V?$allocator@VKeyPoint@cv@@@std@@@std@@@Z)
     1>Corners.obj : error LNK2019: unresolved external symbol "public: __thiscall cv::FastFeatureDetector::FastFeatureDetector(int,bool)" (??0FastFeatureDetector@cv@@QAE@H_N@Z) referenced in function "public: void __thiscall Corners::GetFastFeatures(class cv::Mat const &,class std::vector<class cv::KeyPoint,class std::allocator<class cv::KeyPoint> > &)" (?GetFastFeatures@Corners@@QAEXABVMat@cv@@AAV?$vector@VKeyPoint@cv@@V?$allocator@VKeyPoint@cv@@@std@@@std@@@Z)
     1>Corners.obj : error LNK2019: unresolved external symbol "public: __thiscall cv::SurfFeatureDetector::SurfFeatureDetector(double,int,int,bool)" (??0SurfFeatureDetector@cv@@QAE@NHH_N@Z) referenced in function "public: void __thiscall Corners::GetSurfFeatures(class cv::Mat const &,class std::vector<class cv::KeyPoint,class std::allocator<class cv::KeyPoint> > &)" (?GetSurfFeatures@Corners@@QAEXABVMat@cv@@AAV?$vector@VKeyPoint@cv@@V?$allocator@VKeyPoint@cv@@@std@@@std@@@Z)
     1>Corners.obj : error LNK2019: unresolved external symbol "public: __thiscall cv::SiftFeatureDetector::SiftFeatureDetector(double,double,int,int,int,int)" (??0SiftFeatureDetector@cv@@QAE@NNHHHH@Z) referenced in function "public: void __thiscall Corners::GetSiftFeatures(class cv::Mat const &,class std::vector<class cv::KeyPoint,class std::allocator<class cv::KeyPoint> > &)" (?GetSiftFeatures@Corners@@QAEXABVMat@cv@@AAV?$vector@VKeyPoint@cv@@V?$allocator@VKeyPoint@cv@@@std@@@std@@@Z)
     1>Corners.obj : error LNK2019: unresolved external symbol "public: __thiscall cv::DynamicAdaptedFeatureDetector::DynamicAdaptedFeatureDetector(class cv::Ptr<class cv::AdjusterAdapter> const &,int,int,int)" (??0DynamicAdaptedFeatureDetector@cv@@QAE@ABV?$Ptr@VAdjusterAdapter@cv@@@1@HHH@Z) referenced in function "public: void __thiscall Corners::GetDynamicAdaptedFeatures_SURF(class cv::Mat &,int,int,class std::vector<class cv::KeyPoint,class std::allocator<class cv::KeyPoint> > &,int)" (?GetDynamicAdaptedFeatures_SURF@Corners@@QAEXAAVMat@cv@@HHAAV?$vector@VKeyPoint@cv@@V?$allocator@VKeyPoint@cv@@@std@@@std@@H@Z)
     1>Corners.obj : error LNK2019: unresolved external symbol "public: __thiscall cv::SurfAdjuster::SurfAdjuster(double,double,double)" (??0SurfAdjuster@cv@@QAE@NNN@Z) referenced in function "public: void __thiscall Corners::GetDynamicAdaptedFeatures_SURF(class cv::Mat &,int,int,class std::vector<class cv::KeyPoint,class std::allocator<class cv::KeyPoint> > &,int)" (?GetDynamicAdaptedFeatures_SURF@Corners@@QAEXAAVMat@cv@@HHAAV?$vector@VKeyPoint@cv@@V?$allocator@VKeyPoint@cv@@@std@@@std@@H@Z)
     1>Corners.obj : error LNK2019: unresolved external symbol "public: __thiscall cv::FastAdjuster::FastAdjuster(int,bool,int,int)" (??0FastAdjuster@cv@@QAE@H_NHH@Z) referenced in function "public: void __thiscall Corners::GetDynamicAdaptedFeatures_FAST(class cv::Mat &,int,int,class std::vector<class cv::KeyPoint,class std::allocator<class cv::KeyPoint> > &,int)" (?GetDynamicAdaptedFeatures_FAST@Corners@@QAEXAAVMat@cv@@HHAAV?$vector@VKeyPoint@cv@@V?$allocator@VKeyPoint@cv@@@std@@@std@@H@Z)
     1>Corners.obj : error LNK2019: unresolved external symbol "public: __thiscall cv::StarAdjuster::StarAdjuster(double,double,double)" (??0StarAdjuster@cv@@QAE@NNN@Z) referenced in function "public: void __thiscall Corners::GetDynamicAdaptedFeatures_STAR(class cv::Mat &,int,int,class std::vector<class cv::KeyPoint,class std::allocator<class cv::KeyPoint> > &,int)" (?GetDynamicAdaptedFeatures_STAR@Corners@@QAEXAAVMat@cv@@HHAAV?$vector@VKeyPoint@cv@@V?$allocator@VKeyPoint@cv@@@std@@@std@@H@Z)
     1>Corners.obj : error LNK2019: unresolved external symbol "void __cdecl cv::drawKeypoints(class cv::Mat const &,class std::vector<class cv::KeyPoint,class std::allocator<class cv::KeyPoint> > const &,class cv::Mat &,class cv::Scalar_<double> const &,int)" (?drawKeypoints@cv@@YAXABVMat@1@ABV?$vector@VKeyPoint@cv@@V?$allocator@VKeyPoint@cv@@@std@@@std@@AAV21@ABV?$Scalar_@N@1@H@Z) referenced in function "public: void __thiscall Corners::DrawKeyPoints(class cv::Mat const &,class std::vector<class cv::KeyPoint,class std::allocator<class cv::KeyPoint> > &,class cv::Mat &)" (?DrawKeyPoints@Corners@@QAEXABVMat@cv@@AAV?$vector@VKeyPoint@cv@@V?$allocator@VKeyPoint@cv@@@std@@@std@@AAV23@@Z)
     1>Stitching.obj : error LNK2001: unresolved external symbol "void __cdecl cv::drawKeypoints(class cv::Mat const &,class std::vector<class cv::KeyPoint,class std::allocator<class cv::KeyPoint> > const &,class cv::Mat &,class cv::Scalar_<double> const &,int)" (?drawKeypoints@cv@@YAXABVMat@1@ABV?$vector@VKeyPoint@cv@@V?$allocator@VKeyPoint@cv@@@std@@@std@@AAV21@ABV?$Scalar_@N@1@H@Z)
     1>freak.obj : error LNK2019: unresolved external symbol "public: virtual __thiscall cv::DescriptorExtractor::~DescriptorExtractor(void)" (??1DescriptorExtractor@cv@@UAE@XZ) referenced in function __unwindfunclet$??0FREAK@cv@@QAE@_N0MHABV?$vector@HV?$allocator@H@std@@@std@@@Z$0
     1>freak.obj : error LNK2001: unresolved external symbol "public: virtual bool __thiscall cv::DescriptorExtractor::empty(void)const " (?empty@DescriptorExtractor@cv@@UBE_NXZ)
     1>freak.obj : error LNK2001: unresolved external symbol "public: virtual void __thiscall cv::DescriptorExtractor::read(class cv::FileNode const &)" (?read@DescriptorExtractor@cv@@UAEXABVFileNode@2@@Z)
     1>freak.obj : error LNK2001: unresolved external symbol "public: virtual void __thiscall cv::DescriptorExtractor::write(class cv::FileStorage &)const " (?write@DescriptorExtractor@cv@@UBEXAAVFileStorage@2@@Z)
     1>Matching.obj : error LNK2019: unresolved external symbol "public: void __thiscall cv::DescriptorExtractor::compute(class cv::Mat const &,class std::vector<class cv::KeyPoint,class std::allocator<class cv::KeyPoint> > &,class cv::Mat &)const " (?compute@DescriptorExtractor@cv@@QBEXABVMat@2@AAV?$vector@VKeyPoint@cv@@V?$allocator@VKeyPoint@cv@@@std@@@std@@AAV32@@Z) referenced in function "public: void __thiscall Matching::GetMatchesBrief(class cv::Mat &,class cv::Mat &,class std::vector<class cv::KeyPoint,class std::allocator<class cv::KeyPoint> > &,class std::vector<class cv::KeyPoint,class std::allocator<class cv::KeyPoint> > &,class std::vector<class std::vector<struct cv::DMatch,class std::allocator<struct cv::DMatch> >,class std::allocator<class std::vector<struct cv::DMatch,class std::allocator<struct cv::DMatch> > > > &,class std::vector<class std::vector<struct cv::DMatch,class std::allocator<struct cv::DMatch> >,class std::allocator<class std::vector<struct cv::DMatch,class std::allocator<struct cv::DMatch> > > > &)" (?GetMatchesBrief@Matching@@QAEXAAVMat@cv@@0AAV?$vector@VKeyPoint@cv@@V?$allocator@VKeyPoint@cv@@@std@@@std@@1AAV?$vector@V?$vector@UDMatch@cv@@V?$allocator@UDMatch@cv@@@std@@@std@@V?$allocator@V?$vector@UDMatch@cv@@V?$allocator@UDMatch@cv@@@std@@@std@@@2@@5@2@Z)
     1>Matching.obj : error LNK2019: unresolved external symbol "public: __thiscall cv::BriefDescriptorExtractor::BriefDescriptorExtractor(int)" (??0BriefDescriptorExtractor@cv@@QAE@H@Z) referenced in function "public: void __thiscall Matching::GetMatchesBrief(class cv::Mat &,class cv::Mat &,class std::vector<class cv::KeyPoint,class std::allocator<class cv::KeyPoint> > &,class std::vector<class cv::KeyPoint,class std::allocator<class cv::KeyPoint> > &,class std::vector<class std::vector<struct cv::DMatch,class std::allocator<struct cv::DMatch> >,class std::allocator<class std::vector<struct cv::DMatch,class std::allocator<struct cv::DMatch> > > > &,class std::vector<class std::vector<struct cv::DMatch,class std::allocator<struct cv::DMatch> >,class std::allocator<class std::vector<struct cv::DMatch,class std::allocator<struct cv::DMatch> > > > &)" (?GetMatchesBrief@Matching@@QAEXAAVMat@cv@@0AAV?$vector@VKeyPoint@cv@@V?$allocator@VKeyPoint@cv@@@std@@@std@@1AAV?$vector@V?$vector@UDMatch@cv@@V?$allocator@UDMatch@cv@@@std@@@std@@V?$allocator@V?$vector@UDMatch@cv@@V?$allocator@UDMatch@cv@@@std@@@std@@@2@@5@2@Z)
     1>Matching.obj : error LNK2019: unresolved external symbol "public: __thiscall cv::SurfDescriptorExtractor::SurfDescriptorExtractor(int,int,bool,bool)" (??0SurfDescriptorExtractor@cv@@QAE@HH_N0@Z) referenced in function "public: void __thiscall Matching::GetMatchesSurf(class cv::Mat &,class cv::Mat &,class std::vector<class cv::KeyPoint,class std::allocator<class cv::KeyPoint> > &,class std::vector<class cv::KeyPoint,class std::allocator<class cv::KeyPoint> > &,class std::vector<class std::vector<struct cv::DMatch,class std::allocator<struct cv::DMatch> >,class std::allocator<class std::vector<struct cv::DMatch,class std::allocator<struct cv::DMatch> > > > &,class std::vector<class std::vector<struct cv::DMatch,class std::allocator<struct cv::DMatch> >,class std::allocator<class std::vector<struct cv::DMatch,class std::allocator<struct cv::DMatch> > > > &)" (?GetMatchesSurf@Matching@@QAEXAAVMat@cv@@0AAV?$vector@VKeyPoint@cv@@V?$allocator@VKeyPoint@cv@@@std@@@std@@1AAV?$vector@V?$vector@UDMatch@cv@@V?$allocator@UDMatch@cv@@@std@@@std@@V?$allocator@V?$vector@UDMatch@cv@@V?$allocator@UDMatch@cv@@@std@@@std@@@2@@5@2@Z)
     1>Matching.obj : error LNK2019: unresolved external symbol "public: __thiscall cv::SiftDescriptorExtractor::SiftDescriptorExtractor(struct cv::SIFT::DescriptorParams const &,struct cv::SIFT::CommonParams const &)" (??0SiftDescriptorExtractor@cv@@QAE@ABUDescriptorParams@SIFT@1@ABUCommonParams@31@@Z) referenced in function "public: void __thiscall Matching::GetMatchesSift(class cv::Mat &,class cv::Mat &,class std::vector<class cv::KeyPoint,class std::allocator<class cv::KeyPoint> > &,class std::vector<class cv::KeyPoint,class std::allocator<class cv::KeyPoint> > &,class std::vector<class std::vector<struct cv::DMatch,class std::allocator<struct cv::DMatch> >,class std::allocator<class std::vector<struct cv::DMatch,class std::allocator<struct cv::DMatch> > > > &,class std::vector<class std::vector<struct cv::DMatch,class std::allocator<struct cv::DMatch> >,class std::allocator<class std::vector<struct cv::DMatch,class std::allocator<struct cv::DMatch> > > > &)" (?GetMatchesSift@Matching@@QAEXAAVMat@cv@@0AAV?$vector@VKeyPoint@cv@@V?$allocator@VKeyPoint@cv@@@std@@@std@@1AAV?$vector@V?$vector@UDMatch@cv@@V?$allocator@UDMatch@cv@@@std@@@std@@V?$allocator@V?$vector@UDMatch@cv@@V?$allocator@UDMatch@cv@@@std@@@std@@@2@@5@2@Z)
     1>Matching.obj : error LNK2019: unresolved external symbol "public: __thiscall cv::SIFT::DescriptorParams::DescriptorParams(void)" (??0DescriptorParams@SIFT@cv@@QAE@XZ) referenced in function "public: void __thiscall Matching::GetMatchesSift(class cv::Mat &,class cv::Mat &,class std::vector<class cv::KeyPoint,class std::allocator<class cv::KeyPoint> > &,class std::vector<class cv::KeyPoint,class std::allocator<class cv::KeyPoint> > &,class std::vector<class std::vector<struct cv::DMatch,class std::allocator<struct cv::DMatch> >,class std::allocator<class std::vector<struct cv::DMatch,class std::allocator<struct cv::DMatch> > > > &,class std::vector<class std::vector<struct cv::DMatch,class std::allocator<struct cv::DMatch> >,class std::allocator<class std::vector<struct cv::DMatch,class std::allocator<struct cv::DMatch> > > > &)" (?GetMatchesSift@Matching@@QAEXAAVMat@cv@@0AAV?$vector@VKeyPoint@cv@@V?$allocator@VKeyPoint@cv@@@std@@@std@@1AAV?$vector@V?$vector@UDMatch@cv@@V?$allocator@UDMatch@cv@@@std@@@std@@V?$allocator@V?$vector@UDMatch@cv@@V?$allocator@UDMatch@cv@@@std@@@std@@@2@@5@2@Z)
     1>Matching.obj : error LNK2019: unresolved external symbol "public: __thiscall cv::SIFT::CommonParams::CommonParams(void)" (??0CommonParams@SIFT@cv@@QAE@XZ) referenced in function "public: void __thiscall Matching::GetMatchesSift(class cv::Mat &,class cv::Mat &,class std::vector<class cv::KeyPoint,class std::allocator<class cv::KeyPoint> > &,class std::vector<class cv::KeyPoint,class std::allocator<class cv::KeyPoint> > &,class std::vector<class std::vector<struct cv::DMatch,class std::allocator<struct cv::DMatch> >,class std::allocator<class std::vector<struct cv::DMatch,class std::allocator<struct cv::DMatch> > > > &,class std::vector<class std::vector<struct cv::DMatch,class std::allocator<struct cv::DMatch> >,class std::allocator<class std::vector<struct cv::DMatch,class std::allocator<struct cv::DMatch> > > > &)" (?GetMatchesSift@Matching@@QAEXAAVMat@cv@@0AAV?$vector@VKeyPoint@cv@@V?$allocator@VKeyPoint@cv@@@std@@@std@@1AAV?$vector@V?$vector@UDMatch@cv@@V?$allocator@UDMatch@cv@@@std@@@std@@V?$allocator@V?$vector@UDMatch@cv@@V?$allocator@UDMatch@cv@@@std@@@std@@@2@@5@2@Z)
     1>Matching.obj : error LNK2019: unresolved external symbol "public: void __thiscall cv::DescriptorMatcher::knnMatch(class cv::Mat const &,class cv::Mat const &,class std::vector<class std::vector<struct cv::DMatch,class std::allocator<struct cv::DMatch> >,class std::allocator<class std::vector<struct cv::DMatch,class std::allocator<struct cv::DMatch> > > > &,int,class cv::Mat const &,bool)const " (?knnMatch@DescriptorMatcher@cv@@QBEXABVMat@2@0AAV?$vector@V?$vector@UDMatch@cv@@V?$allocator@UDMatch@cv@@@std@@@std@@V?$allocator@V?$vector@UDMatch@cv@@V?$allocator@UDMatch@cv@@@std@@@std@@@2@@std@@H0_N@Z) referenced in function "private: void __thiscall Matching::performMatching(class cv::Mat,class cv::Mat,class std::vector<class std::vector<struct cv::DMatch,class std::allocator<struct cv::DMatch> >,class std::allocator<class std::vector<struct cv::DMatch,class std::allocator<struct cv::DMatch> > > > &,class std::vector<class std::vector<struct cv::DMatch,class std::allocator<struct cv::DMatch> >,class std::allocator<class std::vector<struct cv::DMatch,class std::allocator<struct cv::DMatch> > > > &)" (?performMatching@Matching@@AAEXVMat@cv@@0AAV?$vector@V?$vector@UDMatch@cv@@V?$allocator@UDMatch@cv@@@std@@@std@@V?$allocator@V?$vector@UDMatch@cv@@V?$allocator@UDMatch@cv@@@std@@@std@@@2@@std@@1@Z)
     1>Matching.obj : error LNK2019: unresolved external symbol "public: void __thiscall cv::DescriptorMatcher::match(class cv::Mat const &,class cv::Mat const &,class std::vector<struct cv::DMatch,class std::allocator<struct cv::DMatch> > &,class cv::Mat const &)const " (?match@DescriptorMatcher@cv@@QBEXABVMat@2@0AAV?$vector@UDMatch@cv@@V?$allocator@UDMatch@cv@@@std@@@std@@0@Z) referenced in function "private: void __thiscall Matching::performMatching_Flann(class cv::Mat,class cv::Mat,class std::vector<struct cv::DMatch,class std::allocator<struct cv::DMatch> > &,class std::vector<struct cv::DMatch,class std::allocator<struct cv::DMatch> > &)" (?performMatching_Flann@Matching@@AAEXVMat@cv@@0AAV?$vector@UDMatch@cv@@V?$allocator@UDMatch@cv@@@std@@@std@@1@Z)
     1>Matching.obj : error LNK2019: unresolved external symbol "public: __thiscall cv::FlannBasedMatcher::FlannBasedMatcher(class cv::Ptr<struct cv::flann::IndexParams> const &,class cv::Ptr<struct cv::flann::SearchParams> const &)" (??0FlannBasedMatcher@cv@@QAE@ABV?$Ptr@UIndexParams@flann@cv@@@1@ABV?$Ptr@USearchParams@flann@cv@@@1@@Z) referenced in function "private: void __thiscall Matching::performMatching_Flann(class cv::Mat,class cv::Mat,class std::vector<struct cv::DMatch,class std::allocator<struct cv::DMatch> > &,class std::vector<struct cv::DMatch,class std::allocator<struct cv::DMatch> > &)" (?performMatching_Flann@Matching@@AAEXVMat@cv@@0AAV?$vector@UDMatch@cv@@V?$allocator@UDMatch@cv@@@std@@@std@@1@Z)
     1>Matching.obj : error LNK2019: unresolved external symbol "public: __thiscall cv::flann::KDTreeIndexParams::KDTreeIndexParams(int)" (??0KDTreeIndexParams@flann@cv@@QAE@H@Z) referenced in function "private: void __thiscall Matching::performMatching_Flann(class cv::Mat,class cv::Mat,class std::vector<struct cv::DMatch,class std::allocator<struct cv::DMatch> > &,class std::vector<struct cv::DMatch,class std::allocator<struct cv::DMatch> > &)" (?performMatching_Flann@Matching@@AAEXVMat@cv@@0AAV?$vector@UDMatch@cv@@V?$allocator@UDMatch@cv@@@std@@@std@@1@Z)
     1>Matching.obj : error LNK2019: unresolved external symbol "public: __thiscall cv::flann::SearchParams::SearchParams(int,float,bool)" (??0SearchParams@flann@cv@@QAE@HM_N@Z) referenced in function "private: void __thiscall Matching::performMatching_Flann(class cv::Mat,class cv::Mat,class std::vector<struct cv::DMatch,class std::allocator<struct cv::DMatch> > &,class std::vector<struct cv::DMatch,class std::allocator<struct cv::DMatch> > &)" (?performMatching_Flann@Matching@@AAEXVMat@cv@@0AAV?$vector@UDMatch@cv@@V?$allocator@UDMatch@cv@@@std@@@std@@1@Z)
     1>Matching.obj : error LNK2019: unresolved external symbol "public: virtual __thiscall cv::DescriptorMatcher::~DescriptorMatcher(void)" (??1DescriptorMatcher@cv@@UAE@XZ) referenced in function "public: virtual __thiscall cv::FlannBasedMatcher::~FlannBasedMatcher(void)" (??1FlannBasedMatcher@cv@@UAE@XZ)
     1>Matching.obj : error LNK2019: unresolved external symbol "public: virtual __thiscall cv::DescriptorMatcher::DescriptorCollection::~DescriptorCollection(void)" (??1DescriptorCollection@DescriptorMatcher@cv@@UAE@XZ) referenced in function "public: virtual __thiscall cv::FlannBasedMatcher::~FlannBasedMatcher(void)" (??1FlannBasedMatcher@cv@@UAE@XZ)
     1>Matching.obj : error LNK2019: unresolved external symbol "class cv::Mat __cdecl cv::findFundamentalMat(class cv::_InputArray const &,class cv::_InputArray const &,class cv::_OutputArray const &,int,double,double)" (?findFundamentalMat@cv@@YA?AVMat@1@ABV_InputArray@1@0ABV_OutputArray@1@HNN@Z) referenced in function "public: class cv::Mat __thiscall Matching::RansacTest(class std::vector<struct cv::DMatch,class std::allocator<struct cv::DMatch> > const &,class std::vector<class cv::KeyPoint,class std::allocator<class cv::KeyPoint> > const &,class std::vector<class cv::KeyPoint,class std::allocator<class cv::KeyPoint> > const &,double,double,class std::vector<struct cv::DMatch,class std::allocator<struct cv::DMatch> > &)" (?RansacTest@Matching@@QAE?AVMat@cv@@ABV?$vector@UDMatch@cv@@V?$allocator@UDMatch@cv@@@std@@@std@@ABV?$vector@VKeyPoint@cv@@V?$allocator@VKeyPoint@cv@@@std@@@5@1NNAAV45@@Z)
     1>Matching.obj : error LNK2019: unresolved external symbol "class cv::Mat __cdecl cv::findHomography(class cv::_InputArray const &,class cv::_InputArray const &,class cv::_OutputArray const &,int,double)" (?findHomography@cv@@YA?AVMat@1@ABV_InputArray@1@0ABV_OutputArray@1@HN@Z) referenced in function "public: class cv::Mat __thiscall Matching::GetHomography(class std::vector<struct cv::DMatch,classstd::allocator<struct cv::DMatch> > const &,class std::vector<class cv::KeyPoint,class std::allocator<class cv::KeyPoint> > &,class std::vector<class cv::KeyPoint,class std::allocator<class cv::KeyPoint> > &,class std::vector<unsigned char,class std::allocator<unsigned char> > &)" (?GetHomography@Matching@@QAE?AVMat@cv@@ABV?$vector@UDMatch@cv@@V?$allocator@UDMatch@cv@@@std@@@std@@AAV?$vector@VKeyPoint@cv@@V?$allocator@VKeyPoint@cv@@@std@@@5@1AAV?$vector@EV?$allocator@E@std@@@5@@Z)
     1>Matching.obj : error LNK2019: unresolved external symbol "void __cdecl cv::drawMatches(class cv::Mat const &,class std::vector<class cv::KeyPoint,class std::allocator<class cv::KeyPoint> > const &,class cv::Mat const &,class std::vector<class cv::KeyPoint,class std::allocator<class cv::KeyPoint> > const &,class std::vector<struct cv::DMatch,class std::allocator<struct cv::DMatch> > const &,class cv::Mat &,class cv::Scalar_<double> const &,class cv::Scalar_<double> const &,class std::vector<char,class std::allocator<char> > const &,int)" (?drawMatches@cv@@YAXABVMat@1@ABV?$vector@VKeyPoint@cv@@V?$allocator@VKeyPoint@cv@@@std@@@std@@01ABV?$vector@UDMatch@cv@@V?$allocator@UDMatch@cv@@@std@@@4@AAV21@ABV?$Scalar_@N@1@4ABV?$vector@DV?$allocator@D@std@@@4@H@Z) referenced in function "public: void __thiscall Matching::DrawMatches(class cv::Mat,class std::vector<class cv::KeyPoint,class std::allocator<class cv::KeyPoint> >,class cv::Mat,class std::vector<class cv::KeyPoint,class std::allocator<class cv::KeyPoint> >,class std::vector<struct cv::DMatch,class std::allocator<struct cv::DMatch> >,class cv::Mat &)" (?DrawMatches@Matching@@QAEXVMat@cv@@V?$vector@VKeyPoint@cv@@V?$allocator@VKeyPoint@cv@@@std@@@std@@01V?$vector@UDMatch@cv@@V?$allocator@UDMatch@cv@@@std@@@5@AAV23@@Z)
     1>Matching.obj : error LNK2001: unresolved external symbol "public: virtual void __thiscall cv::DescriptorMatcher::add(class std::vector<class cv::Mat,class std::allocator<class cv::Mat> > const &)" (?add@DescriptorMatcher@cv@@UAEXABV?$vector@VMat@cv@@V?$allocator@VMat@cv@@@std@@@std@@@Z)
     1>Matching.obj : error LNK2001: unresolved external symbol "public: virtual void __thiscall cv::DescriptorMatcher::clear(void)" (?clear@DescriptorMatcher@cv@@UAEXXZ)
     1>Matching.obj : error LNK2001: unresolved external symbol "public: virtual bool __thiscall cv::DescriptorMatcher::empty(void)const " (?empty@DescriptorMatcher@cv@@UBE_NXZ)
     1>Matching.obj : error LNK2001: unresolved external symbol "public: virtual void __thiscall cv::DescriptorMatcher::train(void)" (?train@DescriptorMatcher@cv@@UAEXXZ)
     1>Matching.obj : error LNK2001: unresolved external symbol "public: virtual void __thiscall cv::DescriptorMatcher::read(class cv::FileNode const &)" (?read@DescriptorMatcher@cv@@UAEXABVFileNode@2@@Z)
     1>Matching.obj : error LNK2001: unresolved external symbol "public: virtual void __thiscall cv::DescriptorMatcher::write(class cv::FileStorage &)const " (?write@DescriptorMatcher@cv@@UBEXAAVFileStorage@2@@Z)
     1>Matching.obj : error LNK2001: unresolved external symbol "protected: virtual void __thiscall cv::BruteForceMatcher<struct cv::L2<float> >::knnMatchImpl(class cv::Mat const &,class std::vector<class std::vector<struct cv::DMatch,class std::allocator<struct cv::DMatch> >,class std::allocator<class std::vector<struct cv::DMatch,class std::allocator<struct cv::DMatch> > > > &,int,class std::vector<class cv::Mat,class std::allocator<class cv::Mat> > const &,bool)" (?knnMatchImpl@?$BruteForceMatcher@U?$L2@M@cv@@@cv@@MAEXABVMat@2@AAV?$vector@V?$vector@UDMatch@cv@@V?$allocator@UDMatch@cv@@@std@@@std@@V?$allocator@V?$vector@UDMatch@cv@@V?$allocator@UDMatch@cv@@@std@@@std@@@2@@std@@HABV?$vector@VMat@cv@@V?$allocator@VMat@cv@@@std@@@5@_N@Z)
     1>Matching.obj : error LNK2001: unresolved external symbol "protected: virtual void __thiscall cv::BruteForceMatcher<struct cv::L2<float> >::radiusMatchImpl(class cv::Mat const &,class std::vector<class std::vector<struct cv::DMatch,class std::allocator<struct cv::DMatch> >,class std::allocator<class std::vector<struct cv::DMatch,class std::allocator<struct cv::DMatch> > > > &,float,class std::vector<class cv::Mat,class std::allocator<class cv::Mat> > const &,bool)" (?radiusMatchImpl@?$BruteForceMatcher@U?$L2@M@cv@@@cv@@MAEXABVMat@2@AAV?$vector@V?$vector@UDMatch@cv@@V?$allocator@UDMatch@cv@@@std@@@std@@V?$allocator@V?$vector@UDMatch@cv@@V?$allocator@UDMatch@cv@@@std@@@std@@@2@@std@@MABV?$vector@VMat@cv@@V?$allocator@VMat@cv@@@std@@@5@_N@Z)
     1>Matching.obj : error LNK2019: unresolved external symbol "public: int __thiscall cv::Hamming::operator()(unsigned char const *,unsigned char const *,int)const " (??RHamming@cv@@QBEHPBE0H@Z) referenced in function "private: static void __cdecl cv::BruteForceMatcher<struct cv::Hamming>::commonKnnMatchImpl(class cv::BruteForceMatcher<struct cv::Hamming> &,class cv::Mat const &,class std::vector<class std::vector<struct cv::DMatch,class std::allocator<struct cv::DMatch> >,class std::allocator<class std::vector<struct cv::DMatch,class std::allocator<struct cv::DMatch> > > > &,int,class std::vector<class cv::Mat,class std::allocator<class cv::Mat> > const &,bool)" (?commonKnnMatchImpl@?$BruteForceMatcher@UHamming@cv@@@cv@@CAXAAV12@ABVMat@2@AAV?$vector@V?$vector@UDMatch@cv@@V?$allocator@UDMatch@cv@@@std@@@std@@V?$allocator@V?$vector@UDMatch@cv@@V?$allocator@UDMatch@cv@@@std@@@std@@@2@@std@@HABV?$vector@VMat@cv@@V?$allocator@VMat@cv@@@std@@@5@_N@Z)
     1>Matching.obj : error LNK2019: unresolved external symbol "protected: static bool __cdecl cv::DescriptorMatcher::isPossibleMatch(class cv::Mat const &,int,int)" (?isPossibleMatch@DescriptorMatcher@cv@@KA_NABVMat@2@HH@Z) referenced in function "private: static void __cdecl cv::BruteForceMatcher<struct cv::Hamming>::commonKnnMatchImpl(class cv::BruteForceMatcher<struct cv::Hamming> &,class cv::Mat const &,class std::vector<class std::vector<struct cv::DMatch,class std::allocator<struct cv::DMatch> >,class std::allocator<class std::vector<struct cv::DMatch,class std::allocator<struct cv::DMatch> > > > &,int,class std::vector<class cv::Mat,class std::allocator<class cv::Mat> > const &,bool)" (?commonKnnMatchImpl@?$BruteForceMatcher@UHamming@cv@@@cv@@CAXAAV12@ABVMat@2@AAV?$vector@V?$vector@UDMatch@cv@@V?$allocator@UDMatch@cv@@@std@@@std@@V?$allocator@V?$vector@UDMatch@cv@@V?$allocator@UDMatch@cv@@@std@@@std@@@2@@std@@HABV?$vector@VMat@cv@@V?$allocator@VMat@cv@@@std@@@5@_N@Z)
     1>Matching.obj : error LNK2019: unresolved external symbol "protected: static bool __cdecl cv::DescriptorMatcher::isMaskedOut(class std::vector<class cv::Mat,class std::allocator<class cv::Mat> > const &,int)" (?isMaskedOut@DescriptorMatcher@cv@@KA_NABV?$vector@VMat@cv@@V?$allocator@VMat@cv@@@std@@@std@@H@Z) referenced in function "private: static void __cdecl cv::BruteForceMatcher<struct cv::Hamming>::commonKnnMatchImpl(class cv::BruteForceMatcher<struct cv::Hamming> &,class cv::Mat const &,class std::vector<class std::vector<struct cv::DMatch,class std::allocator<struct cv::DMatch> >,class std::allocator<class std::vector<struct cv::DMatch,class std::allocator<struct cv::DMatch> > > > &,int,class std::vector<class cv::Mat,class std::allocator<class cv::Mat> > const &,bool)" (?commonKnnMatchImpl@?$BruteForceMatcher@UHamming@cv@@@cv@@CAXAAV12@ABVMat@2@AAV?$vector@V?$vector@UDMatch@cv@@V?$allocator@UDMatch@cv@@@std@@@std@@V?$allocator@V?$vector@UDMatch@cv@@V?$allocator@UDMatch@cv@@@std@@@std@@@2@@std@@HABV?$vector@VMat@cv@@V?$allocator@VMat@cv@@@std@@@5@_N@Z)
     1>Matching.obj : error LNK2019: unresolved external symbol "public: __thiscall cv::flann::IndexParams::~IndexParams(void)" (??1IndexParams@flann@cv@@QAE@XZ) referenced in function "public: void * __thiscall cv::flann::IndexParams::`scalar deleting destructor'(unsigned int)" (??_GIndexParams@flann@cv@@QAEPAXI@Z)
     1>Stitching.obj : error LNK2019: unresolved external symbol "public: void __thiscall Utility::WriteHomography(class std::basic_string<char,struct std::char_traits<char>,class std::allocator<char> >,class cv::Mat)" (?WriteHomography@Utility@@QAEXV?$basic_string@DU?$char_traits@D@std@@V?$allocator@D@2@@std@@VMat@cv@@@Z) referenced in function "private: bool __thiscall Stitching::calculateHomography_Freak(class cv::Mat,class cv::Mat,class cv::Mat &)" (?calculateHomography_Freak@Stitching@@AAE_NVMat@cv@@0AAV23@@Z)
     1>G:\WorkingFolder\MyOpenCVProject\Debug\Stitching(1.0.1).exe : fatal error LNK1120: 43 unresolved externals
     1>Done Building Project "G:\WorkingFolder\MyOpenCVProject\Stitching(1.0.1)\Stitching(1.0.1).vcxproj" (rebuild target(s)) -- FAILED.

Build FAILED.

Time Elapsed 00:00:11.19
