

After Y-crop Rotation:
TopLeft:0,0 	 BottomRight:941,2794


left:I=1,V=0	 top:I=1,V=0
right:I=1,V=941	bottom:I=1,V=2794


Case 4


After Y-crop Rotation:
TopLeft:0,0 	 BottomRight:941,2794


left:I=1,V=0	 top:I=1,V=0
right:I=1,V=941	bottom:I=1,V=2794


Case 4


After Y-crop Rotation:
TopLeft:0,0 	 BottomRight:941,2794


left:I=1,V=0	 top:I=1,V=0
right:I=1,V=941	bottom:I=1,V=2794


Case 4


After Y-crop Rotation:
TopLeft:0,0 	 BottomRight:941,2794


left:I=1,V=0	 top:I=1,V=0
right:I=1,V=941	bottom:I=1,V=2794


Case 4


After Y-crop Rotation:
TopLeft:0,0 	 BottomRight:941,2794


left:I=1,V=0	 top:I=1,V=0
right:I=1,V=941	bottom:I=1,V=2794


Case 4


After Y-crop Rotation:
TopLeft:15,528 	 BottomRight:942,3397


left:I=1,V=0	 top:I=1,V=0
right:I=0,V=942	bottom:I=0,V=3397


Case 4


After Y-crop Rotation:
TopLeft:-11,526 	 BottomRight:929,3424


left:I=0,V=-11	 top:I=1,V=0
right:I=1,V=941	bottom:I=0,V=3424


Case 2


After Y-crop Rotation:
TopLeft:-33,787 	 BottomRight:979,3449


left:I=0,V=-33	 top:I=1,V=0
right:I=0,V=979	bottom:I=0,V=3449


Case 2


After Y-crop Rotation:
TopLeft:-93,890 	 BottomRight:988,3484


left:I=0,V=-93	 top:I=1,V=0
right:I=0,V=988	bottom:I=0,V=3484


Case 2


After Y-crop Rotation:
TopLeft:9,552 	 BottomRight:939,3392


left:I=1,V=0	 top:I=1,V=0
right:I=1,V=941	bottom:I=0,V=3392


Case 4


After Y-crop Rotation:
TopLeft:-140,996 	 BottomRight:1006,3549


left:I=0,V=-140	 top:I=1,V=0
right:I=0,V=1006	bottom:I=0,V=3549


Case 2


After Y-crop Rotation:
TopLeft:-375,147 	 BottomRight:1016,3199


left:I=0,V=-375	 top:I=1,V=0
right:I=0,V=1016	bottom:I=0,V=3199


Case 2


After Y-crop Rotation:
TopLeft:-18,533 	 BottomRight:938,3422


left:I=0,V=-18	 top:I=1,V=0
right:I=1,V=941	bottom:I=0,V=3422


Case 2


After Y-crop Rotation:
TopLeft:20,532 	 BottomRight:929,3383


left:I=1,V=0	 top:I=1,V=0
right:I=1,V=941	bottom:I=0,V=3383


Case 4


After Y-crop Rotation:
TopLeft:20,532 	 BottomRight:929,3383


left:I=1,V=0	 top:I=1,V=0
right:I=1,V=941	bottom:I=0,V=3383


Case 4


After Y-crop Rotation:
TopLeft:20,532 	 BottomRight:929,3383


left:I=1,V=0	 top:I=1,V=0
right:I=1,V=941	bottom:I=0,V=3383


Case 4


After Y-crop Rotation:
TopLeft:-375,147 	 BottomRight:1016,3199


left:I=0,V=-375	 top:I=1,V=0
right:I=0,V=1016	bottom:I=0,V=3199


Case 2


After Y-crop Rotation:
TopLeft:48,842 	 BottomRight:982,3257


left:I=1,V=0	 top:I=1,V=0
right:I=0,V=982	bottom:I=0,V=3257


Case 4


After Y-crop Rotation:
TopLeft:0,0 	 BottomRight:2283,1748


left:I=1,V=0	 top:I=1,V=0
right:I=1,V=2283	bottom:I=1,V=1751


Case 4


After Y-crop Rotation:
TopLeft:0,-1 	 BottomRight:2282,1750


left:I=1,V=0	 top:I=0,V=-1
right:I=1,V=2283	bottom:I=1,V=1751


Case 3


After Y-crop Rotation:
TopLeft:0,-1 	 BottomRight:2282,1750


left:I=1,V=0	 top:I=0,V=-1
right:I=1,V=2283	bottom:I=1,V=1751


Case 3


After Y-crop Rotation:
TopLeft:-893,0 	 BottomRight:244,1751


left:I=0,V=-893	 top:I=1,V=0
right:I=1,V=1390	bottom:I=1,V=1751


Case 2


After Y-crop Rotation:
TopLeft:-893,0 	 BottomRight:244,1751


left:I=0,V=-893	 top:I=1,V=0
right:I=1,V=1138	bottom:I=1,V=1751


Case 2


After Y-crop Rotation:
TopLeft:-893,0 	 BottomRight:245,1751


left:I=0,V=-893	 top:I=1,V=0
right:I=1,V=1138	bottom:I=1,V=1751


Case 2


After Y-crop Rotation:
TopLeft:-893,0 	 BottomRight:245,1751


left:I=0,V=-893	 top:I=1,V=0
right:I=1,V=1138	bottom:I=1,V=1751


Case 2


After Y-crop Rotation:
TopLeft:-708,-90 	 BottomRight:299,678


left:I=0,V=-708	 top:I=0,V=-90
right:I=1,V=800	bottom:I=0,V=678


Case 1


After Y-crop Rotation:
TopLeft:-708,-90 	 BottomRight:299,678


left:I=0,V=-708	 top:I=0,V=-90
right:I=1,V=800	bottom:I=0,V=678


Case 1


After Y-crop Rotation:
TopLeft:-708,-90 	 BottomRight:299,678


left:I=0,V=-708	 top:I=0,V=-90
right:I=1,V=800	bottom:I=0,V=678


Case 1


After Y-crop Rotation:
TopLeft:-398,-15 	 BottomRight:268,881


left:I=0,V=-398	 top:I=0,V=-15
right:I=1,V=568	bottom:I=0,V=881


Case 1


After Y-crop Rotation:
TopLeft:-398,-15 	 BottomRight:268,881


left:I=0,V=-398	 top:I=0,V=-15
right:I=1,V=568	bottom:I=0,V=881


Case 1


After Y-crop Rotation:
TopLeft:-398,-15 	 BottomRight:268,881


left:I=0,V=-398	 top:I=0,V=-15
right:I=1,V=568	bottom:I=0,V=881


Case 1


After Y-crop Rotation:
TopLeft:-892,0 	 BottomRight:245,1750


left:I=0,V=-892	 top:I=1,V=0
right:I=1,V=1390	bottom:I=1,V=1751


Case 2


After Y-crop Rotation:
TopLeft:-892,0 	 BottomRight:245,1750


left:I=0,V=-892	 top:I=1,V=0
right:I=1,V=1390	bottom:I=1,V=1751


Case 2


After Y-crop Rotation:
TopLeft:-892,0 	 BottomRight:245,1750


left:I=0,V=-892	 top:I=1,V=0
right:I=1,V=1390	bottom:I=1,V=1751


Case 2


After Y-crop Rotation:
TopLeft:513,790 	 BottomRight:524,802


left:I=1,V=0	 top:I=1,V=0
right:I=1,V=857	bottom:I=1,V=1398


Case 4


After Y-crop Rotation:
TopLeft:307,736 	 BottomRight:2633,4392


left:I=1,V=0	 top:I=1,V=0
right:I=0,V=2633	bottom:I=0,V=4392


Case 4


After Y-crop Rotation:
TopLeft:-1290,-98 	 BottomRight:1126,1244


left:I=0,V=-1290	 top:I=0,V=-98
right:I=0,V=1126	bottom:I=1,V=1398


Case 1


After Y-crop Rotation:
TopLeft:-1288,-97 	 BottomRight:1126,1244


left:I=0,V=-1288	 top:I=0,V=-97
right:I=0,V=1126	bottom:I=1,V=1398


Case 1


After Y-crop Rotation:
TopLeft:-642,246 	 BottomRight:1001,913


left:I=0,V=-642	 top:I=1,V=0
right:I=1,V=1001	bottom:I=1,V=1261


Case 2


After Y-crop Rotation:
TopLeft:-1288,-98 	 BottomRight:1126,1244


left:I=0,V=-1288	 top:I=0,V=-98
right:I=0,V=1126	bottom:I=1,V=1398


Case 1


After Y-crop Rotation:
TopLeft:-1115,-99 	 BottomRight:949,1244


left:I=0,V=-1115	 top:I=0,V=-99
right:I=0,V=949	bottom:I=1,V=1398


Case 1


After Y-crop Rotation:
TopLeft:-1291,336 	 BottomRight:1126,808


left:I=0,V=-1291	 top:I=1,V=0
right:I=0,V=1126	bottom:I=1,V=1398


Case 2


After Y-crop Rotation:
TopLeft:-381,67 	 BottomRight:265,798


left:I=0,V=-381	 top:I=1,V=0
right:I=1,V=568	bottom:I=0,V=798


Case 2


After Y-crop Rotation:
TopLeft:-400,-17 	 BottomRight:269,880


left:I=0,V=-400	 top:I=0,V=-17
right:I=1,V=568	bottom:I=0,V=880


Case 1


After Y-crop Rotation:
TopLeft:-892,342 	 BottomRight:1390,1268


left:I=0,V=-892	 top:I=1,V=0
right:I=1,V=1390	bottom:I=1,V=1751


Case 2


After Y-crop Rotation:
TopLeft:-1288,-98 	 BottomRight:1126,1244


left:I=0,V=-1288	 top:I=0,V=-98
right:I=0,V=1126	bottom:I=1,V=1398


Case 1


After Y-crop Rotation:
TopLeft:-1288,-98 	 BottomRight:1126,1244


left:I=0,V=-1288	 top:I=0,V=-98
right:I=0,V=1126	bottom:I=1,V=1398


Case 1


After Y-crop Rotation:
TopLeft:-1288,-98 	 BottomRight:1126,1244


left:I=0,V=-1288	 top:I=0,V=-98
right:I=0,V=1126	bottom:I=1,V=1398


Case 1


After Y-crop Rotation:
TopLeft:-1288,-98 	 BottomRight:1126,1244


left:I=0,V=-1288	 top:I=0,V=-98
right:I=0,V=1126	bottom:I=1,V=1398


Case 1


After Y-crop Rotation:
TopLeft:-1288,-98 	 BottomRight:1126,1244


left:I=0,V=-1288	 top:I=0,V=-98
right:I=0,V=1126	bottom:I=1,V=1398


Case 1


After Y-crop Rotation:
TopLeft:-1288,-98 	 BottomRight:1126,1244


left:I=0,V=-1288	 top:I=0,V=-98
right:I=0,V=1126	bottom:I=1,V=1398


Case 1


left:I=1,V=0	 top:I=1,V=0
right:I=1,V=37027856	bottom:I=0,V=2006754535


After Y-crop Rotation:
TopLeft:-1296,-101 	 BottomRight:1125,1243


left:I=0,V=-1296	 top:I=0,V=-101
right:I=0,V=1125	bottom:I=1,V=1398


Case 1


After Y-crop Rotation:
TopLeft:-1296,-101 	 BottomRight:1125,1243


left:I=0,V=-1296	 top:I=0,V=-101
right:I=0,V=1125	bottom:I=1,V=1398


Case 1


After Y-crop Rotation:
TopLeft:-1293,-99 	 BottomRight:1126,1244


left:I=0,V=-1293	 top:I=0,V=-99
right:I=0,V=1126	bottom:I=1,V=1398


Case 1


After Y-crop Rotation:
TopLeft:-1293,-99 	 BottomRight:1126,1244


left:I=0,V=-1293	 top:I=0,V=-99
right:I=0,V=1126	bottom:I=1,V=1398


Case 1


After Y-crop Rotation:
TopLeft:-1293,-99 	 BottomRight:1126,1244


left:I=0,V=-1293	 top:I=0,V=-99
right:I=0,V=1126	bottom:I=1,V=1398


Case 1


After Y-crop Rotation:
TopLeft:-1293,-99 	 BottomRight:1126,1244


left:I=0,V=-1293	 top:I=0,V=-99
right:I=0,V=1126	bottom:I=1,V=1398


Case 1


After Y-crop Rotation:
TopLeft:-1293,-99 	 BottomRight:1126,1244


left:I=0,V=-1293	 top:I=0,V=-99
right:I=0,V=1126	bottom:I=1,V=1398


Case 1


After Y-crop Rotation:
TopLeft:-892,0 	 BottomRight:245,1751


left:I=0,V=-892	 top:I=1,V=0
right:I=1,V=1390	bottom:I=1,V=1751


Case 2
After Y-crop Rotation:
TopLeft:-892,0 	 BottomRight:244,1750
left:I=0,V=-892	 top:I=1,V=0
right:I=1,V=1390	bottom:I=1,V=1751
Case 2
After Y-crop Rotation:
TopLeft:-892,0 	 BottomRight:245,1750
left:I=0,V=-892	 top:I=1,V=0
right:I=1,V=1390	bottom:I=1,V=1751
Case 2
After Y-crop Rotation:
TopLeft:-892,0 	 BottomRight:245,1750
left:I=0,V=-892	 top:I=1,V=0
right:I=1,V=1390	bottom:I=1,V=1751
Case 2
After Y-crop Rotation:
TopLeft:-362,32 	 BottomRight:132,881
left:I=0,V=-362	 top:I=1,V=0
right:I=1,V=768	bottom:I=1,V=967
Case 2
After Y-crop Rotation:
TopLeft:-362,32 	 BottomRight:132,881
left:I=0,V=-362	 top:I=1,V=0
right:I=1,V=768	bottom:I=1,V=967
Case 2
