G:\WORKINGFOLDER\MYOPENCVPROJECT\RELEASE\STITCHING.EXE
G:\WORKINGFOLDER\MYOPENCVPROJECT\RELEASE\STITCHING.PDB
G:\WORKINGFOLDER\MYOPENCVPROJECT\STITCHING\RELEASE\ALPHABLENDER.OBJ
G:\WorkingFolder\MyOpenCVProject\Stitching\Release\cl.command.1.tlog
G:\WorkingFolder\MyOpenCVProject\Stitching\Release\CL.read.1.tlog
G:\WorkingFolder\MyOpenCVProject\Stitching\Release\CL.write.1.tlog
G:\WORKINGFOLDER\MYOPENCVPROJECT\STITCHING\RELEASE\CORNERS.OBJ
G:\WORKINGFOLDER\MYOPENCVPROJECT\STITCHING\RELEASE\FREAK.OBJ
G:\WORKINGFOLDER\MYOPENCVPROJECT\STITCHING\RELEASE\HARRISDETECTOR.OBJ
G:\WORKINGFOLDER\MYOPENCVPROJECT\STITCHING\RELEASE\LAPLACIANBLENDER.OBJ
G:\WorkingFolder\MyOpenCVProject\Stitching\Release\link.command.1.tlog
G:\WorkingFolder\MyOpenCVProject\Stitching\Release\link.read.1.tlog
G:\WorkingFolder\MyOpenCVProject\Stitching\Release\link.write.1.tlog
G:\WORKINGFOLDER\MYOPENCVPROJECT\STITCHING\RELEASE\MAIN.OBJ
G:\WORKINGFOLDER\MYOPENCVPROJECT\STITCHING\RELEASE\MATCHING.OBJ
G:\WorkingFolder\MyOpenCVProject\Stitching\Release\mt.command.1.tlog
G:\WorkingFolder\MyOpenCVProject\Stitching\Release\mt.read.1.tlog
G:\WorkingFolder\MyOpenCVProject\Stitching\Release\mt.write.1.tlog
G:\WORKINGFOLDER\MYOPENCVPROJECT\STITCHING\RELEASE\MYLOG.OBJ
G:\WORKINGFOLDER\MYOPENCVPROJECT\STITCHING\RELEASE\STITCHING.EXE.INTERMEDIATE.MANIFEST
G:\WORKINGFOLDER\MYOPENCVPROJECT\STITCHING\RELEASE\STITCHING.OBJ
G:\WORKINGFOLDER\MYOPENCVPROJECT\STITCHING\RELEASE\UTILITY.OBJ
G:\WORKINGFOLDER\MYOPENCVPROJECT\STITCHING\RELEASE\VC100.PDB
G:\WORKINGFOLDER\MYOPENCVPROJECT\STITCHING\RELEASE\WARP.OBJ
